<?xml version="1.0" encoding="UTF-8"?>
<!-- Generated by org.testng.reporters.JUnitXMLReporter -->
<testsuite hostname="LSPL309-PC" name="Chrome_test" tests="32" failures="0" timestamp="23 Apr 2020 10:55:58 GMT" time="0.49" errors="0">
  <testcase name="@BeforeTest EnvSetup" time="0.0" classname="com.testcases.driverscripts.Execute_MainScript">
    <failure type="java.lang.NullPointerException">
      <![CDATA[java.lang.NullPointerException
	at com.testcases.driverscripts.Execute_MainScript.EnvSetup(Execute_MainScript.java:214)
	at java.util.concurrent.FutureTask.run(Unknown Source)
	at java.util.concurrent.ThreadPoolExecutor.runWorker(Unknown Source)
	at java.util.concurrent.ThreadPoolExecutor$Worker.run(Unknown Source)
	at java.lang.Thread.run(Unknown Source)
... Removed 14 stack frames]]>
    </failure>
  </testcase> <!-- @BeforeTest EnvSetup -->
  <testcase name="@AfterMethod TestResults" time="0.0" classname="com.testcases.driverscripts.Execute_MainScript">
    <skipped/>
  </testcase> <!-- @AfterMethod TestResults -->
  <testcase name="@AfterMethod TestResults" time="0.0" classname="com.testcases.driverscripts.Execute_MainScript">
    <skipped/>
  </testcase> <!-- @AfterMethod TestResults -->
  <testcase name="@AfterMethod TestResults" time="0.0" classname="com.testcases.driverscripts.Execute_MainScript">
    <skipped/>
  </testcase> <!-- @AfterMethod TestResults -->
  <testcase name="@AfterMethod TestResults" time="0.0" classname="com.testcases.driverscripts.Execute_MainScript">
    <skipped/>
  </testcase> <!-- @AfterMethod TestResults -->
  <testcase name="@AfterMethod TestResults" time="0.0" classname="com.testcases.driverscripts.Execute_MainScript">
    <skipped/>
  </testcase> <!-- @AfterMethod TestResults -->
  <testcase name="@AfterMethod TestResults" time="0.0" classname="com.testcases.driverscripts.Execute_MainScript">
    <skipped/>
  </testcase> <!-- @AfterMethod TestResults -->
  <testcase name="@AfterMethod TestResults" time="0.0" classname="com.testcases.driverscripts.Execute_MainScript">
    <skipped/>
  </testcase> <!-- @AfterMethod TestResults -->
  <testcase name="@AfterMethod TestResults" time="0.0" classname="com.testcases.driverscripts.Execute_MainScript">
    <skipped/>
  </testcase> <!-- @AfterMethod TestResults -->
  <testcase name="@AfterMethod TestResults" time="0.0" classname="com.testcases.driverscripts.Execute_MainScript">
    <skipped/>
  </testcase> <!-- @AfterMethod TestResults -->
  <testcase name="@AfterMethod TestResults" time="0.0" classname="com.testcases.driverscripts.Execute_MainScript">
    <skipped/>
  </testcase> <!-- @AfterMethod TestResults -->
  <testcase name="@AfterMethod TestResults" time="0.0" classname="com.testcases.driverscripts.Execute_MainScript">
    <skipped/>
  </testcase> <!-- @AfterMethod TestResults -->
  <testcase name="@AfterMethod TestResults" time="0.0" classname="com.testcases.driverscripts.Execute_MainScript">
    <skipped/>
  </testcase> <!-- @AfterMethod TestResults -->
  <testcase name="@AfterMethod TestResults" time="0.0" classname="com.testcases.driverscripts.Execute_MainScript">
    <skipped/>
  </testcase> <!-- @AfterMethod TestResults -->
  <testcase name="@AfterMethod TestResults" time="0.0" classname="com.testcases.driverscripts.Execute_MainScript">
    <skipped/>
  </testcase> <!-- @AfterMethod TestResults -->
  <testcase name="@AfterMethod TestResults" time="0.0" classname="com.testcases.driverscripts.Execute_MainScript">
    <skipped/>
  </testcase> <!-- @AfterMethod TestResults -->
  <testcase name="@AfterMethod TestResults" time="0.0" classname="com.testcases.driverscripts.Execute_MainScript">
    <skipped/>
  </testcase> <!-- @AfterMethod TestResults -->
  <testcase name="@AfterMethod TestResults" time="0.0" classname="com.testcases.driverscripts.Execute_MainScript">
    <skipped/>
  </testcase> <!-- @AfterMethod TestResults -->
  <testcase name="@AfterMethod TestResults" time="0.0" classname="com.testcases.driverscripts.Execute_MainScript">
    <skipped/>
  </testcase> <!-- @AfterMethod TestResults -->
  <testcase name="@AfterMethod TestResults" time="0.0" classname="com.testcases.driverscripts.Execute_MainScript">
    <skipped/>
  </testcase> <!-- @AfterMethod TestResults -->
  <testcase name="@AfterMethod TestResults" time="0.0" classname="com.testcases.driverscripts.Execute_MainScript">
    <skipped/>
  </testcase> <!-- @AfterMethod TestResults -->
  <testcase name="@AfterMethod TestResults" time="0.0" classname="com.testcases.driverscripts.Execute_MainScript">
    <skipped/>
  </testcase> <!-- @AfterMethod TestResults -->
  <testcase name="@AfterMethod TestResults" time="0.0" classname="com.testcases.driverscripts.Execute_MainScript">
    <skipped/>
  </testcase> <!-- @AfterMethod TestResults -->
  <testcase name="@AfterMethod TestResults" time="0.0" classname="com.testcases.driverscripts.Execute_MainScript">
    <skipped/>
  </testcase> <!-- @AfterMethod TestResults -->
  <testcase name="@AfterMethod TestResults" time="0.0" classname="com.testcases.driverscripts.Execute_MainScript">
    <skipped/>
  </testcase> <!-- @AfterMethod TestResults -->
  <testcase name="@AfterMethod TestResults" time="0.0" classname="com.testcases.driverscripts.Execute_MainScript">
    <skipped/>
  </testcase> <!-- @AfterMethod TestResults -->
  <testcase name="@AfterMethod TestResults" time="0.0" classname="com.testcases.driverscripts.Execute_MainScript">
    <skipped/>
  </testcase> <!-- @AfterMethod TestResults -->
  <testcase name="@AfterMethod TestResults" time="0.0" classname="com.testcases.driverscripts.Execute_MainScript">
    <skipped/>
  </testcase> <!-- @AfterMethod TestResults -->
  <testcase name="@AfterMethod TestResults" time="0.0" classname="com.testcases.driverscripts.Execute_MainScript">
    <skipped/>
  </testcase> <!-- @AfterMethod TestResults -->
  <testcase name="@AfterMethod TestResults" time="0.0" classname="com.testcases.driverscripts.Execute_MainScript">
    <skipped/>
  </testcase> <!-- @AfterMethod TestResults -->
  <testcase name="@AfterMethod TestResults" time="0.0" classname="com.testcases.driverscripts.Execute_MainScript">
    <skipped/>
  </testcase> <!-- @AfterMethod TestResults -->
  <testcase name="@AfterMethod TestResults" time="0.0" classname="com.testcases.driverscripts.Execute_MainScript">
    <skipped/>
  </testcase> <!-- @AfterMethod TestResults -->
  <testcase name="@AfterMethod TestResults" time="0.0" classname="com.testcases.driverscripts.Execute_MainScript">
    <skipped/>
  </testcase> <!-- @AfterMethod TestResults -->
  <testcase name="ExecuteTest" time="0.001" classname="com.testcases.driverscripts.Execute_MainScript">
    <skipped/>
  </testcase> <!-- ExecuteTest -->
  <testcase name="ExecuteTest" time="0.001" classname="com.testcases.driverscripts.Execute_MainScript">
    <skipped/>
  </testcase> <!-- ExecuteTest -->
  <testcase name="ExecuteTest" time="0.0" classname="com.testcases.driverscripts.Execute_MainScript">
    <skipped/>
  </testcase> <!-- ExecuteTest -->
  <testcase name="ExecuteTest" time="0.001" classname="com.testcases.driverscripts.Execute_MainScript">
    <skipped/>
  </testcase> <!-- ExecuteTest -->
  <testcase name="ExecuteTest" time="0.0" classname="com.testcases.driverscripts.Execute_MainScript">
    <skipped/>
  </testcase> <!-- ExecuteTest -->
  <testcase name="ExecuteTest" time="0.001" classname="com.testcases.driverscripts.Execute_MainScript">
    <skipped/>
  </testcase> <!-- ExecuteTest -->
  <testcase name="ExecuteTest" time="0.001" classname="com.testcases.driverscripts.Execute_MainScript">
    <skipped/>
  </testcase> <!-- ExecuteTest -->
  <testcase name="ExecuteTest" time="0.0" classname="com.testcases.driverscripts.Execute_MainScript">
    <skipped/>
  </testcase> <!-- ExecuteTest -->
  <testcase name="ExecuteTest" time="0.001" classname="com.testcases.driverscripts.Execute_MainScript">
    <skipped/>
  </testcase> <!-- ExecuteTest -->
  <testcase name="ExecuteTest" time="0.0" classname="com.testcases.driverscripts.Execute_MainScript">
    <skipped/>
  </testcase> <!-- ExecuteTest -->
  <testcase name="ExecuteTest" time="0.001" classname="com.testcases.driverscripts.Execute_MainScript">
    <skipped/>
  </testcase> <!-- ExecuteTest -->
  <testcase name="ExecuteTest" time="0.001" classname="com.testcases.driverscripts.Execute_MainScript">
    <skipped/>
  </testcase> <!-- ExecuteTest -->
  <testcase name="ExecuteTest" time="0.001" classname="com.testcases.driverscripts.Execute_MainScript">
    <skipped/>
  </testcase> <!-- ExecuteTest -->
  <testcase name="ExecuteTest" time="0.001" classname="com.testcases.driverscripts.Execute_MainScript">
    <skipped/>
  </testcase> <!-- ExecuteTest -->
  <testcase name="ExecuteTest" time="0.0" classname="com.testcases.driverscripts.Execute_MainScript">
    <skipped/>
  </testcase> <!-- ExecuteTest -->
  <testcase name="ExecuteTest" time="0.001" classname="com.testcases.driverscripts.Execute_MainScript">
    <skipped/>
  </testcase> <!-- ExecuteTest -->
  <testcase name="ExecuteTest" time="0.001" classname="com.testcases.driverscripts.Execute_MainScript">
    <skipped/>
  </testcase> <!-- ExecuteTest -->
  <testcase name="ExecuteTest" time="0.001" classname="com.testcases.driverscripts.Execute_MainScript">
    <skipped/>
  </testcase> <!-- ExecuteTest -->
  <testcase name="ExecuteTest" time="0.001" classname="com.testcases.driverscripts.Execute_MainScript">
    <skipped/>
  </testcase> <!-- ExecuteTest -->
  <testcase name="ExecuteTest" time="0.0" classname="com.testcases.driverscripts.Execute_MainScript">
    <skipped/>
  </testcase> <!-- ExecuteTest -->
  <testcase name="ExecuteTest" time="0.001" classname="com.testcases.driverscripts.Execute_MainScript">
    <skipped/>
  </testcase> <!-- ExecuteTest -->
  <testcase name="ExecuteTest" time="0.001" classname="com.testcases.driverscripts.Execute_MainScript">
    <skipped/>
  </testcase> <!-- ExecuteTest -->
  <testcase name="ExecuteTest" time="0.0" classname="com.testcases.driverscripts.Execute_MainScript">
    <skipped/>
  </testcase> <!-- ExecuteTest -->
  <testcase name="ExecuteTest" time="0.001" classname="com.testcases.driverscripts.Execute_MainScript">
    <skipped/>
  </testcase> <!-- ExecuteTest -->
  <testcase name="ExecuteTest" time="0.001" classname="com.testcases.driverscripts.Execute_MainScript">
    <skipped/>
  </testcase> <!-- ExecuteTest -->
  <testcase name="ExecuteTest" time="0.0" classname="com.testcases.driverscripts.Execute_MainScript">
    <skipped/>
  </testcase> <!-- ExecuteTest -->
  <testcase name="ExecuteTest" time="0.0" classname="com.testcases.driverscripts.Execute_MainScript">
    <skipped/>
  </testcase> <!-- ExecuteTest -->
  <testcase name="ExecuteTest" time="0.0" classname="com.testcases.driverscripts.Execute_MainScript">
    <skipped/>
  </testcase> <!-- ExecuteTest -->
  <testcase name="ExecuteTest" time="0.001" classname="com.testcases.driverscripts.Execute_MainScript">
    <skipped/>
  </testcase> <!-- ExecuteTest -->
  <testcase name="ExecuteTest" time="0.001" classname="com.testcases.driverscripts.Execute_MainScript">
    <skipped/>
  </testcase> <!-- ExecuteTest -->
  <testcase name="ExecuteTest" time="0.001" classname="com.testcases.driverscripts.Execute_MainScript">
    <skipped/>
  </testcase> <!-- ExecuteTest -->
  <testcase name="ExecuteTest" time="0.0" classname="com.testcases.driverscripts.Execute_MainScript">
    <skipped/>
  </testcase> <!-- ExecuteTest -->
</testsuite> <!-- Chrome_test -->
