<?xml version="1.0" encoding="UTF-8"?>
<testng-results skipped="0" failed="0" total="1" passed="1">
  <reporter-output>
  </reporter-output>
  <suite name="Default suite" duration-ms="17" started-at="2020-04-24T08:03:17Z" finished-at="2020-04-24T08:03:17Z">
    <groups>
    </groups>
    <test name="Default test" duration-ms="17" started-at="2020-04-24T08:03:17Z" finished-at="2020-04-24T08:03:17Z">
      <class name="com.testcases.driverscripts.TestJar">
        <test-method status="PASS" signature="tests()[pri:0, instance:com.testcases.driverscripts.TestJar@5c3bd550]" name="tests" duration-ms="8" started-at="2020-04-24T13:33:17Z" finished-at="2020-04-24T13:33:17Z">
          <reporter-output>
          </reporter-output>
        </test-method> <!-- tests -->
      </class> <!-- com.testcases.driverscripts.TestJar -->
    </test> <!-- Default test -->
  </suite> <!-- Default suite -->
</testng-results>
